<?xml version="1.0" encoding="UTF-8"?>
<testng-results skipped="0" failed="0" ignored="0" total="1" passed="1">
  <reporter-output>
  </reporter-output>
  <suite name="Default suite" duration-ms="1701" started-at="2022-10-15T01:39:39Z" finished-at="2022-10-15T01:39:40Z">
    <groups>
    </groups>
    <test name="Default test" duration-ms="1701" started-at="2022-10-15T01:39:39Z" finished-at="2022-10-15T01:39:40Z">
      <class name="test.rest.TC003_Get_Request">
        <test-method status="PASS" signature="getUserList()[pri:0, instance:test.rest.TC003_Get_Request@6dbb137d]" name="getUserList" duration-ms="1673" started-at="2022-10-15T01:39:39Z" finished-at="2022-10-15T01:39:40Z">
          <reporter-output>
          </reporter-output>
        </test-method> <!-- getUserList -->
      </class> <!-- test.rest.TC003_Get_Request -->
    </test> <!-- Default test -->
  </suite> <!-- Default suite -->
</testng-results>
